  Menu.cpp
D:\College\OAiP\Bounce\Bounce\Menu.cpp(25,59): warning C4305: аргумент: усечение из "double" в "float"
D:\College\OAiP\Bounce\Bounce\Menu.cpp(81,92): warning C4244: аргумент: преобразование "T" в "T", возможна потеря данных
          with
          [
              T=int
          ]
          and
          [
              T=float
          ]
D:\College\OAiP\Bounce\Bounce\Menu.cpp(81,64): warning C4244: аргумент: преобразование "T" в "T", возможна потеря данных
          with
          [
              T=int
          ]
          and
          [
              T=float
          ]
D:\College\OAiP\Bounce\Bounce\Menu.cpp(102,40): warning C4244: аргумент: преобразование "size_t" в "float", возможна потеря данных
  Bounce.vcxproj -> D:\College\OAiP\Bounce\x64\Debug\Bounce.exe
