  Game.cpp
D:\College\OAiP\Bounce\Bounce\Game.cpp(25,48): warning C4244: аргумент: преобразование "const int" в "T", возможна потеря данных
          with
          [
              T=float
          ]
D:\College\OAiP\Bounce\Bounce\Game.cpp(25,34): warning C4244: аргумент: преобразование "const int" в "T", возможна потеря данных
          with
          [
              T=float
          ]
D:\College\OAiP\Bounce\Bounce\Game.cpp(57,118): warning C4244: аргумент: преобразование "double" в "T", возможна потеря данных
          with
          [
              T=float
          ]
D:\College\OAiP\Bounce\Bounce\Game.cpp(57,58): warning C4244: аргумент: преобразование "double" в "T", возможна потеря данных
          with
          [
              T=float
          ]
  Interface.cpp
D:\College\OAiP\Bounce\Bounce\Interface.cpp(12,53): warning C4305: аргумент: усечение из "double" в "float"
  Main.cpp
D:\College\OAiP\Bounce\Bounce\Main.cpp(17,14): warning C4244: инициализация: преобразование "sf::Int64" в "float", возможна потеря данных
  Map.cpp
D:\College\OAiP\Bounce\Bounce\Map.cpp(34,53): warning C4305: аргумент: усечение из "double" в "float"
D:\College\OAiP\Bounce\Bounce\Map.cpp(154,86): warning C4244: аргумент: преобразование "int" в "T", возможна потеря данных
          with
          [
              T=float
          ]
D:\College\OAiP\Bounce\Bounce\Map.cpp(154,45): warning C4244: аргумент: преобразование "int" в "T", возможна потеря данных
          with
          [
              T=float
          ]
D:\College\OAiP\Bounce\Bounce\Map.cpp(159,68): warning C4244: аргумент: преобразование "int" в "T", возможна потеря данных
          with
          [
              T=float
          ]
D:\College\OAiP\Bounce\Bounce\Map.cpp(159,46): warning C4244: аргумент: преобразование "int" в "T", возможна потеря данных
          with
          [
              T=float
          ]
D:\College\OAiP\Bounce\Bounce\Map.cpp(164,73): warning C4244: аргумент: преобразование "int" в "T", возможна потеря данных
          with
          [
              T=float
          ]
D:\College\OAiP\Bounce\Bounce\Map.cpp(164,65): warning C4244: аргумент: преобразование "int" в "T", возможна потеря данных
          with
          [
              T=float
          ]
D:\College\OAiP\Bounce\Bounce\Map.cpp(198,49): warning C4244: аргумент: преобразование "int" в "float", возможна потеря данных
D:\College\OAiP\Bounce\Bounce\Map.cpp(198,31): warning C4244: аргумент: преобразование "int" в "float", возможна потеря данных
D:\College\OAiP\Bounce\Bounce\Map.cpp(203,55): warning C4244: аргумент: преобразование "int" в "float", возможна потеря данных
D:\College\OAiP\Bounce\Bounce\Map.cpp(203,37): warning C4244: аргумент: преобразование "int" в "float", возможна потеря данных
D:\College\OAiP\Bounce\Bounce\Map.cpp(208,54): warning C4244: аргумент: преобразование "int" в "float", возможна потеря данных
D:\College\OAiP\Bounce\Bounce\Map.cpp(208,36): warning C4244: аргумент: преобразование "int" в "float", возможна потеря данных
D:\College\OAiP\Bounce\Bounce\Map.cpp(213,107): warning C4244: аргумент: преобразование "int" в "float", возможна потеря данных
D:\College\OAiP\Bounce\Bounce\Map.cpp(213,51): warning C4244: аргумент: преобразование "int" в "float", возможна потеря данных
D:\College\OAiP\Bounce\Bounce\Map.cpp(218,114): warning C4244: аргумент: преобразование "int" в "float", возможна потеря данных
D:\College\OAiP\Bounce\Bounce\Map.cpp(218,58): warning C4244: аргумент: преобразование "int" в "float", возможна потеря данных
D:\College\OAiP\Bounce\Bounce\Map.cpp(223,50): warning C4244: аргумент: преобразование "int" в "float", возможна потеря данных
D:\College\OAiP\Bounce\Bounce\Map.cpp(223,32): warning C4244: аргумент: преобразование "int" в "float", возможна потеря данных
D:\College\OAiP\Bounce\Bounce\Map.cpp(228,54): warning C4244: аргумент: преобразование "int" в "float", возможна потеря данных
D:\College\OAiP\Bounce\Bounce\Map.cpp(228,46): warning C4244: аргумент: преобразование "int" в "float", возможна потеря данных
D:\College\OAiP\Bounce\Bounce\Map.cpp(250,104): warning C4244: аргумент: преобразование "int" в "float", возможна потеря данных
D:\College\OAiP\Bounce\Bounce\Map.cpp(250,48): warning C4244: аргумент: преобразование "int" в "float", возможна потеря данных
D:\College\OAiP\Bounce\Bounce\Map.cpp(255,111): warning C4244: аргумент: преобразование "int" в "float", возможна потеря данных
D:\College\OAiP\Bounce\Bounce\Map.cpp(255,55): warning C4244: аргумент: преобразование "int" в "float", возможна потеря данных
D:\College\OAiP\Bounce\Bounce\Map.cpp(267,29): warning C4244: аргумент: преобразование "int" в "float", возможна потеря данных
D:\College\OAiP\Bounce\Bounce\Map.cpp(267,21): warning C4244: аргумент: преобразование "int" в "float", возможна потеря данных
  Player.cpp
D:\College\OAiP\Bounce\Bounce\Player.cpp(34,16): warning C4244: =: преобразование "float" в "int", возможна потеря данных
D:\College\OAiP\Bounce\Bounce\Player.cpp(35,16): warning C4244: =: преобразование "float" в "int", возможна потеря данных
D:\College\OAiP\Bounce\Bounce\Player.cpp(36,25): warning C4244: =: преобразование "double" в "float", возможна потеря данных
D:\College\OAiP\Bounce\Bounce\Player.cpp(41,16): warning C4244: =: преобразование "float" в "int", возможна потеря данных
D:\College\OAiP\Bounce\Bounce\Player.cpp(42,16): warning C4244: =: преобразование "float" в "int", возможна потеря данных
D:\College\OAiP\Bounce\Bounce\Player.cpp(43,24): warning C4244: =: преобразование "double" в "float", возможна потеря данных
D:\College\OAiP\Bounce\Bounce\Player.cpp(47,16): warning C4244: =: преобразование "float" в "int", возможна потеря данных
D:\College\OAiP\Bounce\Bounce\Player.cpp(48,16): warning C4244: =: преобразование "float" в "int", возможна потеря данных
D:\College\OAiP\Bounce\Bounce\Player.cpp(58,41): warning C4244: аргумент: преобразование "int" в "float", возможна потеря данных
D:\College\OAiP\Bounce\Bounce\Player.cpp(65,41): warning C4244: аргумент: преобразование "int" в "float", возможна потеря данных
D:\College\OAiP\Bounce\Bounce\Player.cpp(71,48): warning C4244: аргумент: преобразование "int" в "float", возможна потеря данных
D:\College\OAiP\Bounce\Bounce\Player.cpp(105,24): warning C4305: =: усечение из "double" в "float"
  stdafx.cpp
box2d.lib(b2_world.obj) : error LNK2038: обнаружено несоответствие для "_ITERATOR_DEBUG_LEVEL": значение "2" не соответствует значению "0" в Game.obj
box2d.lib(b2_world.obj) : error LNK2038: обнаружено несоответствие для "RuntimeLibrary": значение "MDd_DynamicDebug" не соответствует значению "MD_DynamicRelease" в Game.obj
box2d.lib(b2_polygon_shape.obj) : error LNK2038: обнаружено несоответствие для "_ITERATOR_DEBUG_LEVEL": значение "2" не соответствует значению "0" в Game.obj
box2d.lib(b2_polygon_shape.obj) : error LNK2038: обнаружено несоответствие для "RuntimeLibrary": значение "MDd_DynamicDebug" не соответствует значению "MD_DynamicRelease" в Game.obj
box2d.lib(b2_body.obj) : error LNK2038: обнаружено несоответствие для "_ITERATOR_DEBUG_LEVEL": значение "2" не соответствует значению "0" в Game.obj
box2d.lib(b2_body.obj) : error LNK2038: обнаружено несоответствие для "RuntimeLibrary": значение "MDd_DynamicDebug" не соответствует значению "MD_DynamicRelease" в Game.obj
box2d.lib(b2_circle_shape.obj) : error LNK2038: обнаружено несоответствие для "_ITERATOR_DEBUG_LEVEL": значение "2" не соответствует значению "0" в Game.obj
box2d.lib(b2_circle_shape.obj) : error LNK2038: обнаружено несоответствие для "RuntimeLibrary": значение "MDd_DynamicDebug" не соответствует значению "MD_DynamicRelease" в Game.obj
box2d.lib(b2_joint.obj) : error LNK2038: обнаружено несоответствие для "_ITERATOR_DEBUG_LEVEL": значение "2" не соответствует значению "0" в Game.obj
box2d.lib(b2_joint.obj) : error LNK2038: обнаружено несоответствие для "RuntimeLibrary": значение "MDd_DynamicDebug" не соответствует значению "MD_DynamicRelease" в Game.obj
box2d.lib(b2_chain_circle_contact.obj) : error LNK2038: обнаружено несоответствие для "_ITERATOR_DEBUG_LEVEL": значение "2" не соответствует значению "0" в Game.obj
box2d.lib(b2_chain_circle_contact.obj) : error LNK2038: обнаружено несоответствие для "RuntimeLibrary": значение "MDd_DynamicDebug" не соответствует значению "MD_DynamicRelease" в Game.obj
box2d.lib(b2_chain_polygon_contact.obj) : error LNK2038: обнаружено несоответствие для "_ITERATOR_DEBUG_LEVEL": значение "2" не соответствует значению "0" в Game.obj
box2d.lib(b2_chain_polygon_contact.obj) : error LNK2038: обнаружено несоответствие для "RuntimeLibrary": значение "MDd_DynamicDebug" не соответствует значению "MD_DynamicRelease" в Game.obj
box2d.lib(b2_circle_contact.obj) : error LNK2038: обнаружено несоответствие для "_ITERATOR_DEBUG_LEVEL": значение "2" не соответствует значению "0" в Game.obj
box2d.lib(b2_circle_contact.obj) : error LNK2038: обнаружено несоответствие для "RuntimeLibrary": значение "MDd_DynamicDebug" не соответствует значению "MD_DynamicRelease" в Game.obj
box2d.lib(b2_edge_circle_contact.obj) : error LNK2038: обнаружено несоответствие для "_ITERATOR_DEBUG_LEVEL": значение "2" не соответствует значению "0" в Game.obj
box2d.lib(b2_edge_circle_contact.obj) : error LNK2038: обнаружено несоответствие для "RuntimeLibrary": значение "MDd_DynamicDebug" не соответствует значению "MD_DynamicRelease" в Game.obj
box2d.lib(b2_edge_polygon_contact.obj) : error LNK2038: обнаружено несоответствие для "_ITERATOR_DEBUG_LEVEL": значение "2" не соответствует значению "0" в Game.obj
box2d.lib(b2_edge_polygon_contact.obj) : error LNK2038: обнаружено несоответствие для "RuntimeLibrary": значение "MDd_DynamicDebug" не соответствует значению "MD_DynamicRelease" в Game.obj
box2d.lib(b2_polygon_circle_contact.obj) : error LNK2038: обнаружено несоответствие для "_ITERATOR_DEBUG_LEVEL": значение "2" не соответствует значению "0" в Game.obj
box2d.lib(b2_polygon_circle_contact.obj) : error LNK2038: обнаружено несоответствие для "RuntimeLibrary": значение "MDd_DynamicDebug" не соответствует значению "MD_DynamicRelease" в Game.obj
box2d.lib(b2_polygon_contact.obj) : error LNK2038: обнаружено несоответствие для "_ITERATOR_DEBUG_LEVEL": значение "2" не соответствует значению "0" в Game.obj
box2d.lib(b2_polygon_contact.obj) : error LNK2038: обнаружено несоответствие для "RuntimeLibrary": значение "MDd_DynamicDebug" не соответствует значению "MD_DynamicRelease" в Game.obj
box2d.lib(b2_chain_shape.obj) : error LNK2038: обнаружено несоответствие для "_ITERATOR_DEBUG_LEVEL": значение "2" не соответствует значению "0" в Game.obj
box2d.lib(b2_chain_shape.obj) : error LNK2038: обнаружено несоответствие для "RuntimeLibrary": значение "MDd_DynamicDebug" не соответствует значению "MD_DynamicRelease" в Game.obj
box2d.lib(b2_edge_shape.obj) : error LNK2038: обнаружено несоответствие для "_ITERATOR_DEBUG_LEVEL": значение "2" не соответствует значению "0" в Game.obj
box2d.lib(b2_edge_shape.obj) : error LNK2038: обнаружено несоответствие для "RuntimeLibrary": значение "MDd_DynamicDebug" не соответствует значению "MD_DynamicRelease" в Game.obj
LINK : warning LNK4098: библиотека по умолчанию "MSVCRTD" конфликтует с использованием других библиотек; используйте /NODEFAULTLIB:library
D:\College\OAiP\Bounce\x64\Release\Bounce.exe : fatal error LNK1319: обнаружено несоответствий: 28
